<?xml version="1.0" encoding="UTF-8"?>
<!-- Generated by org.testng.reporters.JUnitXMLReporter -->
<testsuite ignored="2" hostname="Jarvis" failures="0" tests="1" name="Default test" time="6.07" errors="0" timestamp="2023-01-14T00:27:31 IST">
  <testcase classname="allyTest.AmazonAllyTest" name="testAccessabilityWithWebElement" time="0.232"/>
  <testcase classname="allyTest.AmazonAllyTest" name="amazonAllyTest" time="0.0">
    <ignored/>
  </testcase> <!-- amazonAllyTest -->
  <testcase classname="allyTest.AmazonAllyTest" name="testAccessabilitySelector" time="0.0">
    <ignored/>
  </testcase> <!-- testAccessabilitySelector -->
</testsuite> <!-- Default test -->
