<?xml version="1.0" encoding="UTF-8"?>
<!-- Generated by org.testng.reporters.JUnitXMLReporter -->
<testsuite ignored="2" hostname="Jarvis" failures="1" tests="1" name="Test" time="3.448" errors="0" timestamp="2023-02-19T14:02:56 IST">
  <testcase classname="allyTest.AmazonAllyTest" name="@AfterMethod generateReport" time="0.154">
    <failure type="org.openqa.selenium.WebDriverException" message="unknown error: Runtime.evaluate threw exception: unknown
  (Session info: chrome=110.0.5481.104)
Build info: version: &amp;apos;4.7.2&amp;apos;, revision: &amp;apos;4d4020c3b7&amp;apos;
System info: os.name: &amp;apos;Windows 11&amp;apos;, os.arch: &amp;apos;amd64&amp;apos;, os.version: &amp;apos;10.0&amp;apos;, java.version: &amp;apos;17.0.5&amp;apos;
Driver info: org.openqa.selenium.chrome.ChromeDriver
Command: [f4731424cd4a5126f0ac70dd1f16e033, executeScript {script=return axeData(&amp;apos;{&amp;quot;standard&amp;quot;:null,&amp;quot;ignoreCodes&amp;quot;:null,&amp;quot;pageTitle&amp;quot;:null}&amp;apos;);async function axeData(params) {
    const obj = JSON.parse(params);
    await injectAxeScript();
    var results = await runAxe()
    results.id = &amp;apos;id_&amp;apos; + (Date.now().toString(36) + Math.random().toString(36).substr(2, 5));
    results.title = obj.pageTitle == null ? document.title : obj.pageTitle;
    results.dimension = window.innerWidth + &amp;apos; X &amp;apos; + window.innerHeight;
    results.device = device();
    results.browser = getBrowser();
    results.date = getFormattedDate();
    return results;
}

function getBrowser() {
    const userAgent = navigator.userAgent;
    var browser = &amp;quot;Unkown&amp;quot;;
    // Detect browser name
    browser = (/ucbrowser/i).test(userAgent) ? &amp;apos;UCBrowser&amp;apos; : browser;
    browser = (/edg/i).test(userAgent) ? &amp;apos;Edge&amp;apos; : browser;
    browser = (/googlebot/i).test(userAgent) ? &amp;apos;GoogleBot&amp;apos; : browser;
    browser = (/chromium/i).test(userAgent) ? &amp;apos;Chromium&amp;apos; : browser;
    browser = (/firefox|fxios/i).test(userAgent) &amp;amp;&amp;amp; !(/seamonkey/i).test(userAgent) ? &amp;apos;Firefox&amp;apos; : browser;
    browser = (/; msie|trident/i).test(userAgent) &amp;amp;&amp;amp; !(/ucbrowser/i).test(userAgent) ? &amp;apos;IE&amp;apos; : browser;
    browser = (/chrome|crios/i).test(userAgent) &amp;amp;&amp;amp; !(/opr|opera|chromium|edg|ucbrowser|googlebot/i).test(userAgent) ? &amp;apos;Chrome&amp;apos; : browser;
    browser = (/safari/i).test(userAgent) &amp;amp;&amp;amp; !(/chromium|edg|ucbrowser|chrome|crios|opr|opera|fxios|firefox/i).test(userAgent) ? &amp;apos;Safari&amp;apos; : browser;
    browser = (/opr|opera/i).test(userAgent) ? &amp;apos;Opera&amp;apos; : browser;

    // detect browser version
    switch (browser) {
        case &amp;apos;UCBrowser&amp;apos;:
            return browser + &amp;apos; &amp;apos; + browserVersion(userAgent, /(ucbrowser)\/([\d\.]+)/i);
        case &amp;apos;Edge&amp;apos;:
            return browser + &amp;apos; &amp;apos; + browserVersion(userAgent, /(edge|edga|edgios|edg)\/([\d\.]+)/i);
        case &amp;apos;GoogleBot&amp;apos;:
            return browser + &amp;apos; &amp;apos; + browserVersion(userAgent, /(googlebot)\/([\d\.]+)/i);
        case &amp;apos;Chromium&amp;apos;:
            return browser + &amp;apos; &amp;apos; + browserVersion(userAgent, /(chromium)\/([\d\.]+)/i);
        case &amp;apos;Firefox&amp;apos;:
            return browser + &amp;apos; &amp;apos; + browserVersion(userAgent, /(firefox|fxios)\/([\d\.]+)/i);
        case &amp;apos;Chrome&amp;apos;:
            return browser + &amp;apos; &amp;apos; + browserVersion(userAgent, /(chrome|crios)\/([\d\.]+)/i);
        case &amp;apos;Safari&amp;apos;:
            return browser + &amp;apos; &amp;apos; + browserVersion(userAgent, /(safari)\/([\d\.]+)/i);
        case &amp;apos;Opera&amp;apos;:
            return browser + &amp;apos; &amp;apos; + browserVersion(userAgent, /(opera|opr)\/([\d\.]+)/i);
        case &amp;apos;IE&amp;apos;:
            const version = browserVersion(userAgent, /(trident)\/([\d\.]+)/i);
            // IE version is mapped using trident version
            // IE/8.0 = Trident/4.0, IE/9.0 = Trident/5.0
            return version ? browser + &amp;apos; &amp;apos; + parseFloat(version) + 4.0 : browser + &amp;apos; &amp;apos; + 7.0;
        default:
            return &amp;apos;Unknown 0.0.0.0&amp;apos;;
    }
}

function browserVersion(userAgent, regex) {
    return userAgent.match(regex) ? userAgent.match(regex)[2] : null;
}

function device() {
    var width = window.innerWidth;
    if (width &amp;lt; 768) {
        return &amp;apos;Phone&amp;apos;;
    } else if (width &amp;lt; 992) {
        return &amp;apos;Tablet&amp;apos;;
    } else if (width &amp;lt; 1200) {
        return &amp;apos;Small Laptop&amp;apos;;
    } else {
        return &amp;apos;Laptop/Desktop&amp;apos;;
    }
}

function getFormattedDate() {
    var date = new Date();
    var formattedDate = date.getDate() + &amp;quot;/&amp;quot; + (date.getMonth() + 1) + &amp;quot;/&amp;quot; + date.getFullYear() + &amp;quot; &amp;quot; + date.getHours() + &amp;quot;:&amp;quot; + date.getMinutes() + &amp;quot;:&amp;quot; + date.getSeconds();
    return formattedDate;
}

function runAxe() {
    return new Promise(function (resolve, reject) {
        axe.run(document, {
            runOnly: {type: &amp;apos;tag&amp;apos;, values: [&amp;apos;wcag2a&amp;apos;, &amp;apos;wcag2aa&amp;apos;, &amp;apos;section508&amp;apos;]},
            resultTypes: [&amp;apos;violations&amp;apos;, &amp;apos;incomplete&amp;apos;, &amp;apos;inapplicable&amp;apos;],
            rules: { &amp;apos;accesskeys&amp;apos;: { enabled: false } },
            reporter: &amp;apos;v2&amp;apos;
        }).then(results =&amp;gt; resolve(results))
    });
}

function injectAxeScript() {
    return new Promise((resolve, reject) =&amp;gt; {
        const script = document.createElement(&amp;apos;script&amp;apos;);
        script.src = &amp;quot;https://cdn.jsdelivr.net/npm/axe-core@latest/axe.min.js&amp;quot;;
        script.addEventListener(&amp;apos;load&amp;apos;, resolve);
        script.addEventListener(&amp;apos;error&amp;apos;, e =&amp;gt; reject(e.error));
        document.head.appendChild(script);
    });
}, args=[]}]
Capabilities {acceptInsecureCerts: false, browserName: chrome, browserVersion: 110.0.5481.104, chrome: {chromedriverVersion: 110.0.5481.77 (65ed616c6e8e..., userDataDir: C:\Users\swapn\AppData\Loca...}, goog:chromeOptions: {debuggerAddress: localhost:59905}, networkConnectionEnabled: false, pageLoadStrategy: normal, platformName: WINDOWS, proxy: Proxy(), se:cdp: ws://localhost:59905/devtoo..., se:cdpVersion: 110.0.5481.104, setWindowRect: true, strictFileInteractability: false, timeouts: {implicit: 0, pageLoad: 300000, script: 30000}, unhandledPromptBehavior: dismiss and notify, webauthn:extension:credBlob: true, webauthn:extension:largeBlob: true, webauthn:virtualAuthenticators: true}
Session ID: f4731424cd4a5126f0ac70dd1f16e033">
      <![CDATA[org.openqa.selenium.WebDriverException: unknown error: Runtime.evaluate threw exception: unknown
  (Session info: chrome=110.0.5481.104)
Build info: version: '4.7.2', revision: '4d4020c3b7'
System info: os.name: 'Windows 11', os.arch: 'amd64', os.version: '10.0', java.version: '17.0.5'
Driver info: org.openqa.selenium.chrome.ChromeDriver
Command: [f4731424cd4a5126f0ac70dd1f16e033, executeScript {script=return axeData('{"standard":null,"ignoreCodes":null,"pageTitle":null}');async function axeData(params) {
    const obj = JSON.parse(params);
    await injectAxeScript();
    var results = await runAxe()
    results.id = 'id_' + (Date.now().toString(36) + Math.random().toString(36).substr(2, 5));
    results.title = obj.pageTitle == null ? document.title : obj.pageTitle;
    results.dimension = window.innerWidth + ' X ' + window.innerHeight;
    results.device = device();
    results.browser = getBrowser();
    results.date = getFormattedDate();
    return results;
}

function getBrowser() {
    const userAgent = navigator.userAgent;
    var browser = "Unkown";
    // Detect browser name
    browser = (/ucbrowser/i).test(userAgent) ? 'UCBrowser' : browser;
    browser = (/edg/i).test(userAgent) ? 'Edge' : browser;
    browser = (/googlebot/i).test(userAgent) ? 'GoogleBot' : browser;
    browser = (/chromium/i).test(userAgent) ? 'Chromium' : browser;
    browser = (/firefox|fxios/i).test(userAgent) && !(/seamonkey/i).test(userAgent) ? 'Firefox' : browser;
    browser = (/; msie|trident/i).test(userAgent) && !(/ucbrowser/i).test(userAgent) ? 'IE' : browser;
    browser = (/chrome|crios/i).test(userAgent) && !(/opr|opera|chromium|edg|ucbrowser|googlebot/i).test(userAgent) ? 'Chrome' : browser;
    browser = (/safari/i).test(userAgent) && !(/chromium|edg|ucbrowser|chrome|crios|opr|opera|fxios|firefox/i).test(userAgent) ? 'Safari' : browser;
    browser = (/opr|opera/i).test(userAgent) ? 'Opera' : browser;

    // detect browser version
    switch (browser) {
        case 'UCBrowser':
            return browser + ' ' + browserVersion(userAgent, /(ucbrowser)\/([\d\.]+)/i);
        case 'Edge':
            return browser + ' ' + browserVersion(userAgent, /(edge|edga|edgios|edg)\/([\d\.]+)/i);
        case 'GoogleBot':
            return browser + ' ' + browserVersion(userAgent, /(googlebot)\/([\d\.]+)/i);
        case 'Chromium':
            return browser + ' ' + browserVersion(userAgent, /(chromium)\/([\d\.]+)/i);
        case 'Firefox':
            return browser + ' ' + browserVersion(userAgent, /(firefox|fxios)\/([\d\.]+)/i);
        case 'Chrome':
            return browser + ' ' + browserVersion(userAgent, /(chrome|crios)\/([\d\.]+)/i);
        case 'Safari':
            return browser + ' ' + browserVersion(userAgent, /(safari)\/([\d\.]+)/i);
        case 'Opera':
            return browser + ' ' + browserVersion(userAgent, /(opera|opr)\/([\d\.]+)/i);
        case 'IE':
            const version = browserVersion(userAgent, /(trident)\/([\d\.]+)/i);
            // IE version is mapped using trident version
            // IE/8.0 = Trident/4.0, IE/9.0 = Trident/5.0
            return version ? browser + ' ' + parseFloat(version) + 4.0 : browser + ' ' + 7.0;
        default:
            return 'Unknown 0.0.0.0';
    }
}

function browserVersion(userAgent, regex) {
    return userAgent.match(regex) ? userAgent.match(regex)[2] : null;
}

function device() {
    var width = window.innerWidth;
    if (width < 768) {
        return 'Phone';
    } else if (width < 992) {
        return 'Tablet';
    } else if (width < 1200) {
        return 'Small Laptop';
    } else {
        return 'Laptop/Desktop';
    }
}

function getFormattedDate() {
    var date = new Date();
    var formattedDate = date.getDate() + "/" + (date.getMonth() + 1) + "/" + date.getFullYear() + " " + date.getHours() + ":" + date.getMinutes() + ":" + date.getSeconds();
    return formattedDate;
}

function runAxe() {
    return new Promise(function (resolve, reject) {
        axe.run(document, {
            runOnly: {type: 'tag', values: ['wcag2a', 'wcag2aa', 'section508']},
            resultTypes: ['violations', 'incomplete', 'inapplicable'],
            rules: { 'accesskeys': { enabled: false } },
            reporter: 'v2'
        }).then(results => resolve(results))
    });
}

function injectAxeScript() {
    return new Promise((resolve, reject) => {
        const script = document.createElement('script');
        script.src = "https://cdn.jsdelivr.net/npm/axe-core@latest/axe.min.js";
        script.addEventListener('load', resolve);
        script.addEventListener('error', e => reject(e.error));
        document.head.appendChild(script);
    });
}, args=[]}]
Capabilities {acceptInsecureCerts: false, browserName: chrome, browserVersion: 110.0.5481.104, chrome: {chromedriverVersion: 110.0.5481.77 (65ed616c6e8e..., userDataDir: C:\Users\swapn\AppData\Loca...}, goog:chromeOptions: {debuggerAddress: localhost:59905}, networkConnectionEnabled: false, pageLoadStrategy: normal, platformName: WINDOWS, proxy: Proxy(), se:cdp: ws://localhost:59905/devtoo..., se:cdpVersion: 110.0.5481.104, setWindowRect: true, strictFileInteractability: false, timeouts: {implicit: 0, pageLoad: 300000, script: 30000}, unhandledPromptBehavior: dismiss and notify, webauthn:extension:credBlob: true, webauthn:extension:largeBlob: true, webauthn:virtualAuthenticators: true}
Session ID: f4731424cd4a5126f0ac70dd1f16e033
at org.openqa.selenium.remote.codec.w3c.W3CHttpResponseCodec.createException(W3CHttpResponseCodec.java:200)
at org.openqa.selenium.remote.codec.w3c.W3CHttpResponseCodec.decode(W3CHttpResponseCodec.java:133)
at org.openqa.selenium.remote.codec.w3c.W3CHttpResponseCodec.decode(W3CHttpResponseCodec.java:53)
at org.openqa.selenium.remote.HttpCommandExecutor.execute(HttpCommandExecutor.java:184)
at org.openqa.selenium.remote.service.DriverCommandExecutor.invokeExecute(DriverCommandExecutor.java:167)
at org.openqa.selenium.remote.service.DriverCommandExecutor.execute(DriverCommandExecutor.java:142)
at org.openqa.selenium.remote.RemoteWebDriver.execute(RemoteWebDriver.java:535)
at org.openqa.selenium.remote.RemoteWebDriver.executeScript(RemoteWebDriver.java:472)
at io.github.sridharbandi.util.A11y.execute(A11y.java:52)
at io.github.sridharbandi.AxeRunner.execute(AxeRunner.java:27)
at allyTest.AmazonAllyTest.generateReport(AmazonAllyTest.java:93)
at java.base/java.util.ArrayList.forEach(ArrayList.java:1511)
... Removed 37 stack frames]]>
    </failure>
  </testcase> <!-- @AfterMethod generateReport -->
  <testcase classname="allyTest.AmazonAllyTest" name="amazonAllyTest" time="0.238">
    <failure type="java.lang.AssertionError" message="Found 3 accessibility violations:
1) Elements must have sufficient color contrast: https://dequeuniversity.com/rules/axe/3.1/color-contrast?application=axeAPI
  a) [&amp;quot;._6ltj &amp;gt; a&amp;quot;]
    Fix any of the following:
      Element has insufficient color contrast of 4.23 (foreground color: #1877f2, background color: #ffffff, font size: 10.5pt, font weight: normal). Expected contrast ratio of 4.5:1


  b) [&amp;quot;#u_0_0_mI&amp;quot;]
    Fix any of the following:
      Element has insufficient color contrast of 2.61 (foreground color: #ffffff, background color: #42b72a, font size: 12.8pt, font weight: bold). Expected contrast ratio of 4.5:1


  c) [&amp;quot;a[href$=\&amp;quot;hi-in.facebook.com/\&amp;quot;]&amp;quot;]
    Fix any of the following:
      Element has insufficient color contrast of 3.33 (foreground color: #8a8d91, background color: #ffffff, font size: 9.0pt, font weight: normal). Expected contrast ratio of 4.5:1


  d) [&amp;quot;a[dir=\&amp;quot;rtl\&amp;quot;]&amp;quot;]
    Fix any of the following:
      Element has insufficient color contrast of 3.33 (foreground color: #8a8d91, background color: #ffffff, font size: 9.0pt, font weight: normal). Expected contrast ratio of 4.5:1


  e) [&amp;quot;a[href$=\&amp;quot;pa-in.facebook.com/\&amp;quot;]&amp;quot;]
    Fix any of the following:
      Element has insufficient color contrast of 3.33 (foreground color: #8a8d91, background color: #ffffff, font size: 9.0pt, font weight: normal). Expected contrast ratio of 4.5:1


  f) [&amp;quot;a[href$=\&amp;quot;bn-in.facebook.com/\&amp;quot;]&amp;quot;]
    Fix any of the following:
      Element has insufficient color contrast of 3.33 (foreground color: #8a8d91, background color: #ffffff, font size: 9.0pt, font weight: normal). Expected contrast ratio of 4.5:1


  g) [&amp;quot;a[href$=\&amp;quot;gu-in.facebook.com/\&amp;quot;]&amp;quot;]
    Fix any of the following:
      Element has insufficient color contrast of 3.33 (foreground color: #8a8d91, background color: #ffffff, font size: 9.0pt, font weight: normal). Expected contrast ratio of 4.5:1


  h) [&amp;quot;a[href$=\&amp;quot;mr-in.facebook.com/\&amp;quot;]&amp;quot;]
    Fix any of the following:
      Element has insufficient color contrast of 3.33 (foreground color: #8a8d91, background color: #ffffff, font size: 9.0pt, font weight: normal). Expected contrast ratio of 4.5:1


  i) [&amp;quot;a[href$=\&amp;quot;ta-in.facebook.com/\&amp;quot;]&amp;quot;]
    Fix any of the following:
      Element has insufficient color contrast of 3.33 (foreground color: #8a8d91, background color: #ffffff, font size: 9.0pt, font weight: normal). Expected contrast ratio of 4.5:1


  j) [&amp;quot;a[href$=\&amp;quot;te-in.facebook.com/\&amp;quot;]&amp;quot;]
    Fix any of the following:
      Element has insufficient color contrast of 3.33 (foreground color: #8a8d91, background color: #ffffff, font size: 9.0pt, font weight: normal). Expected contrast ratio of 4.5:1


  k) [&amp;quot;a[href$=\&amp;quot;ml-in.facebook.com/\&amp;quot;]&amp;quot;]
    Fix any of the following:
      Element has insufficient color contrast of 3.33 (foreground color: #8a8d91, background color: #ffffff, font size: 9.0pt, font weight: normal). Expected contrast ratio of 4.5:1


  l) [&amp;quot;a[href$=\&amp;quot;kn-in.facebook.com/\&amp;quot;]&amp;quot;]
    Fix any of the following:
      Element has insufficient color contrast of 3.33 (foreground color: #8a8d91, background color: #ffffff, font size: 9.0pt, font weight: normal). Expected contrast ratio of 4.5:1


  m) [&amp;quot;a[href$=\&amp;quot;reg/\&amp;quot;]&amp;quot;]
    Fix any of the following:
      Element has insufficient color contrast of 3.33 (foreground color: #8a8d91, background color: #ffffff, font size: 9.0pt, font weight: normal). Expected contrast ratio of 4.5:1


  n) [&amp;quot;a[href$=\&amp;quot;login/\&amp;quot;]&amp;quot;]
    Fix any of the following:
      Element has insufficient color contrast of 3.33 (foreground color: #8a8d91, background color: #ffffff, font size: 9.0pt, font weight: normal). Expected contrast ratio of 4.5:1


  o) [&amp;quot;a[href$=\&amp;quot;messenger.com/\&amp;quot;]&amp;quot;]
    Fix any of the following:
      Element has insufficient color contrast of 3.33 (foreground color: #8a8d91, background color: #ffffff, font size: 9.0pt, font weight: normal). Expected contrast ratio of 4.5:1


  p) [&amp;quot;a[href$=\&amp;quot;lite/\&amp;quot;]&amp;quot;]
    Fix any of the following:
      Element has insufficient color contrast of 3.33 (foreground color: #8a8d91, background color: #ffffff, font size: 9.0pt, font weight: normal). Expected contrast ratio of 4.5:1


  q) [&amp;quot;a[title=\&amp;quot;Browse\\ our\\ Watch\\ videos\\.\&amp;quot;]&amp;quot;]
    Fix any of the following:
      Element has insufficient color contrast of 3.33 (foreground color: #8a8d91, background color: #ffffff, font size: 9.0pt, font weight: normal). Expected contrast ratio of 4.5:1


  r) [&amp;quot;a[href$=\&amp;quot;places/\&amp;quot;]&amp;quot;]
    Fix any of the following:
      Element has insufficient color contrast of 3.33 (foreground color: #8a8d91, background color: #ffffff, font size: 9.0pt, font weight: normal). Expected contrast ratio of 4.5:1


  s) [&amp;quot;a[href$=\&amp;quot;games/\&amp;quot;]&amp;quot;]
    Fix any of the following:
      Element has insufficient color contrast of 3.33 (foreground color: #8a8d91, background color: #ffffff, font size: 9.0pt, font weight: normal). Expected contrast ratio of 4.5:1


  t) [&amp;quot;a[href$=\&amp;quot;marketplace/\&amp;quot;]&amp;quot;]
    Fix any of the following:
      Element has insufficient color contrast of 3.33 (foreground color: #8a8d91, background color: #ffffff, font size: 9.0pt, font weight: normal). Expected contrast ratio of 4.5:1


  u) [&amp;quot;a[href$=\&amp;quot;pay.facebook.com/\&amp;quot;]&amp;quot;]
    Fix any of the following:
      Element has insufficient color contrast of 3.33 (foreground color: #8a8d91, background color: #ffffff, font size: 9.0pt, font weight: normal). Expected contrast ratio of 4.5:1


  v) [&amp;quot;a[href$=\&amp;quot;oculus.com/\&amp;quot;]&amp;quot;]
    Fix any of the following:
      Element has insufficient color contrast of 3.33 (foreground color: #8a8d91, background color: #ffffff, font size: 9.0pt, font weight: normal). Expected contrast ratio of 4.5:1


  w) [&amp;quot;a[href$=\&amp;quot;portal.facebook.com/\&amp;quot;]&amp;quot;]
    Fix any of the following:
      Element has insufficient color contrast of 3.33 (foreground color: #8a8d91, background color: #ffffff, font size: 9.0pt, font weight: normal). Expected contrast ratio of 4.5:1


  x) [&amp;quot;a[title=\&amp;quot;Take\\ a\\ look\\ at\\ Instagram\&amp;quot;]&amp;quot;]
    Fix any of the following:
      Element has insufficient color contrast of 3.33 (foreground color: #8a8d91, background color: #ffffff, font size: 9.0pt, font weight: normal). Expected contrast ratio of 4.5:1


  y) [&amp;quot;a[href$=\&amp;quot;bulletin.com/\&amp;quot;]&amp;quot;]
    Fix any of the following:
      Element has insufficient color contrast of 3.33 (foreground color: #8a8d91, background color: #ffffff, font size: 9.0pt, font weight: normal). Expected contrast ratio of 4.5:1


  z) [&amp;quot;a[href$=\&amp;quot;fundraisers/\&amp;quot;]&amp;quot;]
    Fix any of the following:
      Element has insufficient color contrast of 3.33 (foreground color: #8a8d91, background color: #ffffff, font size: 9.0pt, font weight: normal). Expected contrast ratio of 4.5:1


  aa) [&amp;quot;a[href$=\&amp;quot;directory/\&amp;quot;]&amp;quot;]
    Fix any of the following:
      Element has insufficient color contrast of 3.33 (foreground color: #8a8d91, background color: #ffffff, font size: 9.0pt, font weight: normal). Expected contrast ratio of 4.5:1


  ab) [&amp;quot;li:nth-child(16) &amp;gt; a&amp;quot;]
    Fix any of the following:
      Element has insufficient color contrast of 3.33 (foreground color: #8a8d91, background color: #ffffff, font size: 9.0pt, font weight: normal). Expected contrast ratio of 4.5:1


  ac) [&amp;quot;li:nth-child(17) &amp;gt; a&amp;quot;]
    Fix any of the following:
      Element has insufficient color contrast of 3.33 (foreground color: #8a8d91, background color: #ffffff, font size: 9.0pt, font weight: normal). Expected contrast ratio of 4.5:1


  ad) [&amp;quot;li:nth-child(18) &amp;gt; a&amp;quot;]
    Fix any of the following:
      Element has insufficient color contrast of 3.33 (foreground color: #8a8d91, background color: #ffffff, font size: 9.0pt, font weight: normal). Expected contrast ratio of 4.5:1


  ae) [&amp;quot;a[href$=\&amp;quot;explore/\&amp;quot;]&amp;quot;]
    Fix any of the following:
      Element has insufficient color contrast of 3.33 (foreground color: #8a8d91, background color: #ffffff, font size: 9.0pt, font weight: normal). Expected contrast ratio of 4.5:1


  af) [&amp;quot;a[href$=\&amp;quot;about.meta.com/\&amp;quot;]&amp;quot;]
    Fix any of the following:
      Element has insufficient color contrast of 3.33 (foreground color: #8a8d91, background color: #ffffff, font size: 9.0pt, font weight: normal). Expected contrast ratio of 4.5:1


  ag) [&amp;quot;a[title=\&amp;quot;Advertise\\ on\\ Facebook\&amp;quot;]&amp;quot;]
    Fix any of the following:
      Element has insufficient color contrast of 3.33 (foreground color: #8a8d91, background color: #ffffff, font size: 9.0pt, font weight: normal). Expected contrast ratio of 4.5:1


  ah) [&amp;quot;a[title=\&amp;quot;Create\\ a\\ Page\&amp;quot;]&amp;quot;]
    Fix any of the following:
      Element has insufficient color contrast of 3.33 (foreground color: #8a8d91, background color: #ffffff, font size: 9.0pt, font weight: normal). Expected contrast ratio of 4.5:1


  ai) [&amp;quot;a[title=\&amp;quot;Develop\\ on\\ our\\ platform\\.\&amp;quot;]&amp;quot;]
    Fix any of the following:
      Element has insufficient color contrast of 3.33 (foreground color: #8a8d91, background color: #ffffff, font size: 9.0pt, font weight: normal). Expected contrast ratio of 4.5:1


  aj) [&amp;quot;a[href=\&amp;quot;/careers/?ref=pf\&amp;quot;]&amp;quot;]
    Fix any of the following:
      Element has insufficient color contrast of 3.33 (foreground color: #8a8d91, background color: #ffffff, font size: 9.0pt, font weight: normal). Expected contrast ratio of 4.5:1


  ak) [&amp;quot;a[href$=\&amp;quot;cookies/\&amp;quot;]&amp;quot;]
    Fix any of the following:
      Element has insufficient color contrast of 3.33 (foreground color: #8a8d91, background color: #ffffff, font size: 9.0pt, font weight: normal). Expected contrast ratio of 4.5:1


  al) [&amp;quot;._41ug&amp;quot;]
    Fix any of the following:
      Element has insufficient color contrast of 3.33 (foreground color: #8a8d91, background color: #ffffff, font size: 9.0pt, font weight: normal). Expected contrast ratio of 4.5:1


  am) [&amp;quot;a[href=\&amp;quot;/policies?ref=pf\&amp;quot;]&amp;quot;]
    Fix any of the following:
      Element has insufficient color contrast of 3.33 (foreground color: #8a8d91, background color: #ffffff, font size: 9.0pt, font weight: normal). Expected contrast ratio of 4.5:1


  an) [&amp;quot;a[href=\&amp;quot;/help/?ref=pf\&amp;quot;]&amp;quot;]
    Fix any of the following:
      Element has insufficient color contrast of 3.33 (foreground color: #8a8d91, background color: #ffffff, font size: 9.0pt, font weight: normal). Expected contrast ratio of 4.5:1


  ao) [&amp;quot;a[href=\&amp;quot;help/637205020878504\&amp;quot;]&amp;quot;]
    Fix any of the following:
      Element has insufficient color contrast of 3.33 (foreground color: #8a8d91, background color: #ffffff, font size: 9.0pt, font weight: normal). Expected contrast ratio of 4.5:1


2) Page must contain a level-one heading: https://dequeuniversity.com/rules/axe/3.1/page-has-heading-one?application=axeAPI
  a) [&amp;quot;#facebook&amp;quot;]
    Fix all of the following:
      Page must have a level-one heading


3) All page content must be contained by landmarks: https://dequeuniversity.com/rules/axe/3.1/region?application=axeAPI
  a) [&amp;quot;#facebook&amp;quot;]
    Fix any of the following:
      Some page content is not contained by landmarks

 expected [true] but found [false]">
      <![CDATA[java.lang.AssertionError: Found 3 accessibility violations:
1) Elements must have sufficient color contrast: https://dequeuniversity.com/rules/axe/3.1/color-contrast?application=axeAPI
  a) ["._6ltj > a"]
    Fix any of the following:
      Element has insufficient color contrast of 4.23 (foreground color: #1877f2, background color: #ffffff, font size: 10.5pt, font weight: normal). Expected contrast ratio of 4.5:1


  b) ["#u_0_0_mI"]
    Fix any of the following:
      Element has insufficient color contrast of 2.61 (foreground color: #ffffff, background color: #42b72a, font size: 12.8pt, font weight: bold). Expected contrast ratio of 4.5:1


  c) ["a[href$=\"hi-in.facebook.com/\"]"]
    Fix any of the following:
      Element has insufficient color contrast of 3.33 (foreground color: #8a8d91, background color: #ffffff, font size: 9.0pt, font weight: normal). Expected contrast ratio of 4.5:1


  d) ["a[dir=\"rtl\"]"]
    Fix any of the following:
      Element has insufficient color contrast of 3.33 (foreground color: #8a8d91, background color: #ffffff, font size: 9.0pt, font weight: normal). Expected contrast ratio of 4.5:1


  e) ["a[href$=\"pa-in.facebook.com/\"]"]
    Fix any of the following:
      Element has insufficient color contrast of 3.33 (foreground color: #8a8d91, background color: #ffffff, font size: 9.0pt, font weight: normal). Expected contrast ratio of 4.5:1


  f) ["a[href$=\"bn-in.facebook.com/\"]"]
    Fix any of the following:
      Element has insufficient color contrast of 3.33 (foreground color: #8a8d91, background color: #ffffff, font size: 9.0pt, font weight: normal). Expected contrast ratio of 4.5:1


  g) ["a[href$=\"gu-in.facebook.com/\"]"]
    Fix any of the following:
      Element has insufficient color contrast of 3.33 (foreground color: #8a8d91, background color: #ffffff, font size: 9.0pt, font weight: normal). Expected contrast ratio of 4.5:1


  h) ["a[href$=\"mr-in.facebook.com/\"]"]
    Fix any of the following:
      Element has insufficient color contrast of 3.33 (foreground color: #8a8d91, background color: #ffffff, font size: 9.0pt, font weight: normal). Expected contrast ratio of 4.5:1


  i) ["a[href$=\"ta-in.facebook.com/\"]"]
    Fix any of the following:
      Element has insufficient color contrast of 3.33 (foreground color: #8a8d91, background color: #ffffff, font size: 9.0pt, font weight: normal). Expected contrast ratio of 4.5:1


  j) ["a[href$=\"te-in.facebook.com/\"]"]
    Fix any of the following:
      Element has insufficient color contrast of 3.33 (foreground color: #8a8d91, background color: #ffffff, font size: 9.0pt, font weight: normal). Expected contrast ratio of 4.5:1


  k) ["a[href$=\"ml-in.facebook.com/\"]"]
    Fix any of the following:
      Element has insufficient color contrast of 3.33 (foreground color: #8a8d91, background color: #ffffff, font size: 9.0pt, font weight: normal). Expected contrast ratio of 4.5:1


  l) ["a[href$=\"kn-in.facebook.com/\"]"]
    Fix any of the following:
      Element has insufficient color contrast of 3.33 (foreground color: #8a8d91, background color: #ffffff, font size: 9.0pt, font weight: normal). Expected contrast ratio of 4.5:1


  m) ["a[href$=\"reg/\"]"]
    Fix any of the following:
      Element has insufficient color contrast of 3.33 (foreground color: #8a8d91, background color: #ffffff, font size: 9.0pt, font weight: normal). Expected contrast ratio of 4.5:1


  n) ["a[href$=\"login/\"]"]
    Fix any of the following:
      Element has insufficient color contrast of 3.33 (foreground color: #8a8d91, background color: #ffffff, font size: 9.0pt, font weight: normal). Expected contrast ratio of 4.5:1


  o) ["a[href$=\"messenger.com/\"]"]
    Fix any of the following:
      Element has insufficient color contrast of 3.33 (foreground color: #8a8d91, background color: #ffffff, font size: 9.0pt, font weight: normal). Expected contrast ratio of 4.5:1


  p) ["a[href$=\"lite/\"]"]
    Fix any of the following:
      Element has insufficient color contrast of 3.33 (foreground color: #8a8d91, background color: #ffffff, font size: 9.0pt, font weight: normal). Expected contrast ratio of 4.5:1


  q) ["a[title=\"Browse\\ our\\ Watch\\ videos\\.\"]"]
    Fix any of the following:
      Element has insufficient color contrast of 3.33 (foreground color: #8a8d91, background color: #ffffff, font size: 9.0pt, font weight: normal). Expected contrast ratio of 4.5:1


  r) ["a[href$=\"places/\"]"]
    Fix any of the following:
      Element has insufficient color contrast of 3.33 (foreground color: #8a8d91, background color: #ffffff, font size: 9.0pt, font weight: normal). Expected contrast ratio of 4.5:1


  s) ["a[href$=\"games/\"]"]
    Fix any of the following:
      Element has insufficient color contrast of 3.33 (foreground color: #8a8d91, background color: #ffffff, font size: 9.0pt, font weight: normal). Expected contrast ratio of 4.5:1


  t) ["a[href$=\"marketplace/\"]"]
    Fix any of the following:
      Element has insufficient color contrast of 3.33 (foreground color: #8a8d91, background color: #ffffff, font size: 9.0pt, font weight: normal). Expected contrast ratio of 4.5:1


  u) ["a[href$=\"pay.facebook.com/\"]"]
    Fix any of the following:
      Element has insufficient color contrast of 3.33 (foreground color: #8a8d91, background color: #ffffff, font size: 9.0pt, font weight: normal). Expected contrast ratio of 4.5:1


  v) ["a[href$=\"oculus.com/\"]"]
    Fix any of the following:
      Element has insufficient color contrast of 3.33 (foreground color: #8a8d91, background color: #ffffff, font size: 9.0pt, font weight: normal). Expected contrast ratio of 4.5:1


  w) ["a[href$=\"portal.facebook.com/\"]"]
    Fix any of the following:
      Element has insufficient color contrast of 3.33 (foreground color: #8a8d91, background color: #ffffff, font size: 9.0pt, font weight: normal). Expected contrast ratio of 4.5:1


  x) ["a[title=\"Take\\ a\\ look\\ at\\ Instagram\"]"]
    Fix any of the following:
      Element has insufficient color contrast of 3.33 (foreground color: #8a8d91, background color: #ffffff, font size: 9.0pt, font weight: normal). Expected contrast ratio of 4.5:1


  y) ["a[href$=\"bulletin.com/\"]"]
    Fix any of the following:
      Element has insufficient color contrast of 3.33 (foreground color: #8a8d91, background color: #ffffff, font size: 9.0pt, font weight: normal). Expected contrast ratio of 4.5:1


  z) ["a[href$=\"fundraisers/\"]"]
    Fix any of the following:
      Element has insufficient color contrast of 3.33 (foreground color: #8a8d91, background color: #ffffff, font size: 9.0pt, font weight: normal). Expected contrast ratio of 4.5:1


  aa) ["a[href$=\"directory/\"]"]
    Fix any of the following:
      Element has insufficient color contrast of 3.33 (foreground color: #8a8d91, background color: #ffffff, font size: 9.0pt, font weight: normal). Expected contrast ratio of 4.5:1


  ab) ["li:nth-child(16) > a"]
    Fix any of the following:
      Element has insufficient color contrast of 3.33 (foreground color: #8a8d91, background color: #ffffff, font size: 9.0pt, font weight: normal). Expected contrast ratio of 4.5:1


  ac) ["li:nth-child(17) > a"]
    Fix any of the following:
      Element has insufficient color contrast of 3.33 (foreground color: #8a8d91, background color: #ffffff, font size: 9.0pt, font weight: normal). Expected contrast ratio of 4.5:1


  ad) ["li:nth-child(18) > a"]
    Fix any of the following:
      Element has insufficient color contrast of 3.33 (foreground color: #8a8d91, background color: #ffffff, font size: 9.0pt, font weight: normal). Expected contrast ratio of 4.5:1


  ae) ["a[href$=\"explore/\"]"]
    Fix any of the following:
      Element has insufficient color contrast of 3.33 (foreground color: #8a8d91, background color: #ffffff, font size: 9.0pt, font weight: normal). Expected contrast ratio of 4.5:1


  af) ["a[href$=\"about.meta.com/\"]"]
    Fix any of the following:
      Element has insufficient color contrast of 3.33 (foreground color: #8a8d91, background color: #ffffff, font size: 9.0pt, font weight: normal). Expected contrast ratio of 4.5:1


  ag) ["a[title=\"Advertise\\ on\\ Facebook\"]"]
    Fix any of the following:
      Element has insufficient color contrast of 3.33 (foreground color: #8a8d91, background color: #ffffff, font size: 9.0pt, font weight: normal). Expected contrast ratio of 4.5:1


  ah) ["a[title=\"Create\\ a\\ Page\"]"]
    Fix any of the following:
      Element has insufficient color contrast of 3.33 (foreground color: #8a8d91, background color: #ffffff, font size: 9.0pt, font weight: normal). Expected contrast ratio of 4.5:1


  ai) ["a[title=\"Develop\\ on\\ our\\ platform\\.\"]"]
    Fix any of the following:
      Element has insufficient color contrast of 3.33 (foreground color: #8a8d91, background color: #ffffff, font size: 9.0pt, font weight: normal). Expected contrast ratio of 4.5:1


  aj) ["a[href=\"/careers/?ref=pf\"]"]
    Fix any of the following:
      Element has insufficient color contrast of 3.33 (foreground color: #8a8d91, background color: #ffffff, font size: 9.0pt, font weight: normal). Expected contrast ratio of 4.5:1


  ak) ["a[href$=\"cookies/\"]"]
    Fix any of the following:
      Element has insufficient color contrast of 3.33 (foreground color: #8a8d91, background color: #ffffff, font size: 9.0pt, font weight: normal). Expected contrast ratio of 4.5:1


  al) ["._41ug"]
    Fix any of the following:
      Element has insufficient color contrast of 3.33 (foreground color: #8a8d91, background color: #ffffff, font size: 9.0pt, font weight: normal). Expected contrast ratio of 4.5:1


  am) ["a[href=\"/policies?ref=pf\"]"]
    Fix any of the following:
      Element has insufficient color contrast of 3.33 (foreground color: #8a8d91, background color: #ffffff, font size: 9.0pt, font weight: normal). Expected contrast ratio of 4.5:1


  an) ["a[href=\"/help/?ref=pf\"]"]
    Fix any of the following:
      Element has insufficient color contrast of 3.33 (foreground color: #8a8d91, background color: #ffffff, font size: 9.0pt, font weight: normal). Expected contrast ratio of 4.5:1


  ao) ["a[href=\"help/637205020878504\"]"]
    Fix any of the following:
      Element has insufficient color contrast of 3.33 (foreground color: #8a8d91, background color: #ffffff, font size: 9.0pt, font weight: normal). Expected contrast ratio of 4.5:1


2) Page must contain a level-one heading: https://dequeuniversity.com/rules/axe/3.1/page-has-heading-one?application=axeAPI
  a) ["#facebook"]
    Fix all of the following:
      Page must have a level-one heading


3) All page content must be contained by landmarks: https://dequeuniversity.com/rules/axe/3.1/region?application=axeAPI
  a) ["#facebook"]
    Fix any of the following:
      Some page content is not contained by landmarks

 expected [true] but found [false]
at allyTest.AmazonAllyTest.amazonAllyTest(AmazonAllyTest.java:52)
at java.base/java.util.ArrayList.forEach(ArrayList.java:1511)
... Removed 30 stack frames]]>
    </failure>
  </testcase> <!-- amazonAllyTest -->
  <testcase classname="allyTest.AmazonAllyTest" name="testAccessabilityWithWebElement" time="0.0">
    <ignored/>
  </testcase> <!-- testAccessabilityWithWebElement -->
  <testcase classname="allyTest.AmazonAllyTest" name="testAccessabilitySelector" time="0.0">
    <ignored/>
  </testcase> <!-- testAccessabilitySelector -->
</testsuite> <!-- Test -->
