<?xml version="1.0" encoding="UTF-8"?>
<testng-results ignored="2" total="3" passed="1" failed="0" skipped="0">
  <reporter-output>
  </reporter-output>
  <suite started-at="2023-01-14T00:27:25 IST" name="Default suite" finished-at="2023-01-14T00:27:31 IST" duration-ms="6070">
    <groups>
    </groups>
    <test started-at="2023-01-14T00:27:25 IST" name="Default test" finished-at="2023-01-14T00:27:31 IST" duration-ms="6070">
      <class name="allyTest.AmazonAllyTest">
        <test-method is-config="true" signature="setup()[pri:0, instance:allyTest.AmazonAllyTest@47e2e487]" started-at="2023-01-14T00:27:25 IST" name="setup" finished-at="2023-01-14T00:27:31 IST" duration-ms="5810" status="PASS">
          <reporter-output>
          </reporter-output>
        </test-method> <!-- setup -->
        <test-method signature="testAccessabilityWithWebElement()[pri:0, instance:allyTest.AmazonAllyTest@47e2e487]" started-at="2023-01-14T00:27:31 IST" name="testAccessabilityWithWebElement" finished-at="2023-01-14T00:27:31 IST" duration-ms="232" status="PASS">
          <reporter-output>
          </reporter-output>
        </test-method> <!-- testAccessabilityWithWebElement -->
      </class> <!-- allyTest.AmazonAllyTest -->
    </test> <!-- Default test -->
  </suite> <!-- Default suite -->
</testng-results>
